


ARM Macro Assembler    Page 1 


    1 00000000         ; LCD.s
    2 00000000         ; Student names: change this to your names or look very 
                       silly
    3 00000000         ; Last modification date: change this to the last modifi
                       cation date or look very silly
    4 00000000         
    5 00000000         ; Runs on LM4F120/TM4C123
    6 00000000         ; Use SSI0 to send an 8-bit code to the ST7735 160x128 p
                       ixel LCD.
    7 00000000         
    8 00000000         ; As part of Lab 7, students need to implement these LCD
                       _WriteCommand and LCD_WriteData
    9 00000000         ; This driver assumes two low-level LCD functions
   10 00000000         
   11 00000000         ; Backlight (pin 10) connected to +3.3 V
   12 00000000         ; MISO (pin 9) unconnected
   13 00000000         ; SCK (pin 8) connected to PA2 (SSI0Clk)
   14 00000000         ; MOSI (pin 7) connected to PA5 (SSI0Tx)
   15 00000000         ; TFT_CS (pin 6) connected to PA3 (SSI0Fss)
   16 00000000         ; CARD_CS (pin 5) unconnected
   17 00000000         ; Data/Command (pin 4) connected to PA6 (GPIO)
   18 00000000         ; RESET (pin 3) connected to PA7 (GPIO)
   19 00000000         ; VCC (pin 2) connected to +3.3 V
   20 00000000         ; Gnd (pin 1) connected to ground
   21 00000000         
   22 00000000 400043FC 
                       GPIO_PORTA_DATA_R
                               EQU              0x400043FC
   23 00000000 40004100 
                       DC      EQU              0x40004100
   24 00000000 00000000 
                       DC_COMMAND
                               EQU              0
   25 00000000 00000040 
                       DC_DATA EQU              0x40
   26 00000000 40008008 
                       SSI0_DR_R
                               EQU              0x40008008
   27 00000000 4000800C 
                       SSI0_SR_R
                               EQU              0x4000800C
   28 00000000 00000004 
                       SSI_SR_RNE
                               EQU              0x00000004  ; SSI Receive FIFO 
                                                            Not Empty
   29 00000000 00000010 
                       SSI_SR_BSY
                               EQU              0x00000010  ; SSI Busy Bit
   30 00000000 00000002 
                       SSI_SR_TNF
                               EQU              0x00000002  ; SSI Transmit FIFO
                                                             Not Full
   31 00000000         
   32 00000000                 EXPORT           writecommand
   33 00000000                 EXPORT           writedata
   34 00000000         
   35 00000000                 AREA             |.text|, CODE, READONLY, ALIGN=
2
   36 00000000                 THUMB



ARM Macro Assembler    Page 2 


   37 00000000                 ALIGN
   38 00000000         
   39 00000000         ; The Data/Command pin must be valid when the eighth bit
                        is
   40 00000000         ; sent.  The SSI module has hardware input and output FI
                       FOs
   41 00000000         ; that are 8 locations deep.  Based on the observation t
                       hat
   42 00000000         ; the LCD interface tends to send a few commands and the
                       n a
   43 00000000         ; lot of data, the FIFOs are not used when writing
   44 00000000         ; commands, and they are used when writing data.  This
   45 00000000         ; ensures that the Data/Command pin status matches the b
                       yte
   46 00000000         ; that is actually being transmitted.
   47 00000000         ; The write command operation waits until all data has b
                       een
   48 00000000         ; sent, configures the Data/Command pin for commands, se
                       nds
   49 00000000         ; the command, and then waits for the transmission to
   50 00000000         ; finish.
   51 00000000         ; The write data operation waits until there is room in 
                       the
   52 00000000         ; transmit FIFO, configures the Data/Command pin for dat
                       a,
   53 00000000         ; and then adds the data to the transmit FIFO.
   54 00000000         ; NOTE: These functions will crash or stall indefinitely
                        if
   55 00000000         ; the SSI0 module is not initialized and enabled.
   56 00000000         
   57 00000000         ; This is a helper function that sends an 8-bit command 
                       to the LCD.
   58 00000000         ; Input: R0  8-bit command to transmit
   59 00000000         ; Output: none
   60 00000000         ; Assumes: SSI0 and port A have already been initialized
                        and enabled
   61 00000000         writecommand
   62 00000000         ;1) Read SSI0_SR_R and check bit 4, 
   63 00000000         ;2) If bit 4 is high, loop back to step 1 (wait for BUSY
                        bit to be low)
   64 00000000         ;3) Clear D/C=PA6 to zero
   65 00000000         ;4) Write the command to SSI0_DR_R
   66 00000000         ;5) Read SSI0_SR_R and check bit 4, 
   67 00000000         ;6) If bit 4 is high, loop back to step 5 (wait for BUSY
                        bit to be low)
   68 00000000         check4
   69 00000000 4911            LDR              r1, =SSI0_SR_R
   70 00000002 780A            LDRB             r2, [r1]
   71 00000004 F002 0210       AND              r2, #0x10
   72 00000008 2A00            CMP              r2, #0      ; if bit 5 high goe
                                                            s to chck4
   73 0000000A D1F9            BNE              check4
   74 0000000C         
   75 0000000C 490F            LDR              r1, =GPIO_PORTA_DATA_R
   76 0000000E 780A            LDRB             r2, [r1]
   77 00000010 F04F 03BF       MOV              r3, #0xBF   ; clear pa6
   78 00000014 EA02 0203       AND              r2, r3
   79 00000018 700A            STRB             r2, [r1]
   80 0000001A 490D            LDR              r1, =SSI0_DR_R



ARM Macro Assembler    Page 3 


   81 0000001C 7008            STRB             r0, [r1]
   82 0000001E         
   83 0000001E         check4a
   84 0000001E 490A            LDR              r1, =SSI0_SR_R
   85 00000020 780A            LDRB             r2, [r1]
   86 00000022 F002 0210       AND              r2, #0x10
   87 00000026 2A00            CMP              r2, #0      ;if high, loop back
                                                            
   88 00000028 D1F9            BNE              check4a
   89 0000002A         
   90 0000002A 4770            BX               LR          ;   return
   91 0000002C         
   92 0000002C         ; This is a helper function that sends an 8-bit data to 
                       the LCD.
   93 0000002C         ; Input: R0  8-bit data to transmit
   94 0000002C         ; Output: none
   95 0000002C         ; Assumes: SSI0 and port A have already been initialized
                        and enabled
   96 0000002C         writedata
   97 0000002C         ;1) Read SSI0_SR_R and check bit 1, 
   98 0000002C         ;2) If bit 1 is low loop back to step 1 (wait for TNF bi
                       t to be high)
   99 0000002C         ;3) Set D/C=PA6 to one
  100 0000002C         ;4) Write the 8-bit data to SSI0_DR_R
  101 0000002C         
  102 0000002C         check1
  103 0000002C 4906            LDR              r1, =SSI0_SR_R
  104 0000002E 780A            LDRB             r2, [r1]
  105 00000030 F002 0202       AND              r2, #0x02
  106 00000034 2A00            CMP              r2, #0
  107 00000036 D0F9            BEQ              check1
  108 00000038 4904            LDR              r1, =GPIO_PORTA_DATA_R
  109 0000003A 780A            LDRB             r2, [r1]
  110 0000003C F042 0240       ORR              r2, #0x40   ;set pa6
  111 00000040 700A            STRB             r2,[r1]
  112 00000042 4B03            LDR              r3, =SSI0_DR_R
  113 00000044 7018            STRB             r0, [r3]    ;write data
  114 00000046 4770            BX               LR          ;   return
  115 00000048         
  116 00000048         
  117 00000048         ;***************************************************
  118 00000048         ; This is a library for the Adafruit 1.8" SPI display.
  119 00000048         ; This library works with the Adafruit 1.8" TFT Breakout
                        w/SD card
  120 00000048         ; ----> http://www.adafruit.com/products/358
  121 00000048         ; as well as Adafruit raw 1.8" TFT display
  122 00000048         ; ----> http://www.adafruit.com/products/618
  123 00000048         ;
  124 00000048         ; Check out the links above for our tutorials and wiring
                        diagrams
  125 00000048         ; These displays use SPI to communicate, 4 or 5 pins are
                        required to
  126 00000048         ; interface (RST is optional)
  127 00000048         ; Adafruit invests time and resources providing this ope
                       n source code,
  128 00000048         ; please support Adafruit and open-source hardware by pu
                       rchasing
  129 00000048         ; products from Adafruit!
  130 00000048         ;



ARM Macro Assembler    Page 4 


  131 00000048         ; Written by Limor Fried/Ladyada for Adafruit Industries
                       .
  132 00000048         ; MIT license, all text above must be included in any re
                       distribution
  133 00000048         ;****************************************************
  134 00000048         
  135 00000048                 ALIGN                        ; make sure the end
                                                             of this section is
                                                             aligned
  136 00000048                 END                          ; end of file
              4000800C 
              400043FC 
              40008008 
Command Line: --debug --xref --diag_suppress=9931 --cpu=Cortex-M4 --apcs=interw
ork --depend=.\lcd.d -o.\lcd.o -I.\RTE\_SpaceInvaders -IC:\Keil_v5\ARM\PACK\ARM
\CMSIS\5.4.0\CMSIS\Core\Include -IC:\Keil_v5\ARM\PACK\Keil\TM4C_DFP\1.1.0\Devic
e\Include\TM4C123 --predefine="__EVAL SETA 1" --predefine="__UVISION_VERSION SE
TA 526" --predefine="_RTE_ SETA 1" --predefine="TM4C123GH6PM SETA 1" --list=.\l
cd.lst LCD.s



ARM Macro Assembler    Page 1 Alphabetic symbol ordering
Relocatable symbols

.text 00000000

Symbol: .text
   Definitions
      At line 35 in file LCD.s
   Uses
      None
Comment: .text unused
check1 0000002C

Symbol: check1
   Definitions
      At line 102 in file LCD.s
   Uses
      At line 107 in file LCD.s
Comment: check1 used once
check4 00000000

Symbol: check4
   Definitions
      At line 68 in file LCD.s
   Uses
      At line 73 in file LCD.s
Comment: check4 used once
check4a 0000001E

Symbol: check4a
   Definitions
      At line 83 in file LCD.s
   Uses
      At line 88 in file LCD.s
Comment: check4a used once
writecommand 00000000

Symbol: writecommand
   Definitions
      At line 61 in file LCD.s
   Uses
      At line 32 in file LCD.s
Comment: writecommand used once
writedata 0000002C

Symbol: writedata
   Definitions
      At line 96 in file LCD.s
   Uses
      At line 33 in file LCD.s
Comment: writedata used once
6 symbols



ARM Macro Assembler    Page 1 Alphabetic symbol ordering
Absolute symbols

DC 40004100

Symbol: DC
   Definitions
      At line 23 in file LCD.s
   Uses
      None
Comment: DC unused
DC_COMMAND 00000000

Symbol: DC_COMMAND
   Definitions
      At line 24 in file LCD.s
   Uses
      None
Comment: DC_COMMAND unused
DC_DATA 00000040

Symbol: DC_DATA
   Definitions
      At line 25 in file LCD.s
   Uses
      None
Comment: DC_DATA unused
GPIO_PORTA_DATA_R 400043FC

Symbol: GPIO_PORTA_DATA_R
   Definitions
      At line 22 in file LCD.s
   Uses
      At line 75 in file LCD.s
      At line 108 in file LCD.s

SSI0_DR_R 40008008

Symbol: SSI0_DR_R
   Definitions
      At line 26 in file LCD.s
   Uses
      At line 80 in file LCD.s
      At line 112 in file LCD.s

SSI0_SR_R 4000800C

Symbol: SSI0_SR_R
   Definitions
      At line 27 in file LCD.s
   Uses
      At line 69 in file LCD.s
      At line 84 in file LCD.s
      At line 103 in file LCD.s

SSI_SR_BSY 00000010

Symbol: SSI_SR_BSY
   Definitions
      At line 29 in file LCD.s
   Uses
      None



ARM Macro Assembler    Page 2 Alphabetic symbol ordering
Absolute symbols

Comment: SSI_SR_BSY unused
SSI_SR_RNE 00000004

Symbol: SSI_SR_RNE
   Definitions
      At line 28 in file LCD.s
   Uses
      None
Comment: SSI_SR_RNE unused
SSI_SR_TNF 00000002

Symbol: SSI_SR_TNF
   Definitions
      At line 30 in file LCD.s
   Uses
      None
Comment: SSI_SR_TNF unused
9 symbols
351 symbols in table
